INFO: [SIM 2] *************** CSIM start ***************
INFO: [SIM 4] CSIM will launch GCC as the compiler.
   Compiling(apcc) ../../../../../src/c_files/libcpu.c in debug mode
INFO: [HLS 200-10] Running '/tools/Xilinx/Vitis_HLS/2023.1/bin/unwrapped/lnx64.o/apcc'
INFO: [HLS 200-10] For user 'mattia' on host 'mattia' (Linux_x86_64 version 6.5.0-26-generic) on Sun Apr 14 18:08:11 CEST 2024
INFO: [HLS 200-10] On os Ubuntu 22.04.4 LTS
INFO: [HLS 200-10] In directory '/home/mattia/uni/tesi/fpga/risc_v/zedboard/csim/build'
INFO: [APCC 202-3] Tmp directory is /tmp/apcc_db_mattia/123281713110891920906
INFO: [APCC 202-1] APCC is done.
INFO: [HLS 200-112] Total CPU user time: 1.68 seconds. Total CPU system time: 0.17 seconds. Total elapsed time: 1.71 seconds; peak allocated memory: 99.023 MB.
   Compiling(apcc) ../../../../../src/c_files/libmem.c in debug mode
INFO: [HLS 200-10] Running '/tools/Xilinx/Vitis_HLS/2023.1/bin/unwrapped/lnx64.o/apcc'
INFO: [HLS 200-10] For user 'mattia' on host 'mattia' (Linux_x86_64 version 6.5.0-26-generic) on Sun Apr 14 18:08:14 CEST 2024
INFO: [HLS 200-10] On os Ubuntu 22.04.4 LTS
INFO: [HLS 200-10] In directory '/home/mattia/uni/tesi/fpga/risc_v/zedboard/csim/build'
INFO: [APCC 202-3] Tmp directory is /tmp/apcc_db_mattia/123901713110894670975
INFO: [APCC 202-1] APCC is done.
INFO: [HLS 200-112] Total CPU user time: 1.6 seconds. Total CPU system time: 0.18 seconds. Total elapsed time: 1.63 seconds; peak allocated memory: 99.020 MB.
   Generating csim.exe
INFO: [SIM 1] CSim done with 0 errors.
INFO: [SIM 3] *************** CSIM finish ***************
