

================================================================
== Vitis HLS Report for 'next_instr'
================================================================
* Date:           Mon Apr 22 17:21:40 2024

* Version:        2023.1 (Build 3854077 on May  4 2023)
* Project:        risc-v
* Solution:       solution (Vivado IP Flow Target)
* Product family: zynq
* Target device:  xc7z020-clg484-1


================================================================
== Performance Estimates
================================================================
+ Timing: 
    * Summary: 
    +--------+----------+----------+------------+
    |  Clock |  Target  | Estimated| Uncertainty|
    +--------+----------+----------+------------+
    |ap_clk  |  10.00 ns|  6.454 ns|     2.70 ns|
    +--------+----------+----------+------------+

+ Latency: 
    * Summary: 
    +---------+---------+-----------+-----------+-----+-----+---------+
    |  Latency (cycles) |   Latency (absolute)  |  Interval | Pipeline|
    |   min   |   max   |    min    |    max    | min | max |   Type  |
    +---------+---------+-----------+-----------+-----+-----+---------+
    |        1|        1|  10.000 ns|  10.000 ns|    2|    2|       no|
    +---------+---------+-----------+-----------+-----+-----+---------+

    + Detail: 
        * Instance: 
        N/A

        * Loop: 
        N/A



================================================================
== Utilization Estimates
================================================================
* Summary: 
+-----------------+---------+-----+--------+-------+-----+
|       Name      | BRAM_18K| DSP |   FF   |  LUT  | URAM|
+-----------------+---------+-----+--------+-------+-----+
|DSP              |        -|    -|       -|      -|    -|
|Expression       |        -|    -|       0|    329|    -|
|FIFO             |        -|    -|       -|      -|    -|
|Instance         |        -|    -|       -|      -|    -|
|Memory           |        -|    -|       -|      -|    -|
|Multiplexer      |        -|    -|       -|     14|    -|
|Register         |        -|    -|      36|      -|    -|
+-----------------+---------+-----+--------+-------+-----+
|Total            |        0|    0|      36|    343|    0|
+-----------------+---------+-----+--------+-------+-----+
|Available        |      280|  220|  106400|  53200|    0|
+-----------------+---------+-----+--------+-------+-----+
|Utilization (%)  |        0|    0|      ~0|     ~0|    0|
+-----------------+---------+-----+--------+-------+-----+

+ Detail: 
    * Instance: 
    N/A

    * DSP: 
    N/A

    * Memory: 
    N/A

    * FIFO: 
    N/A

    * Expression: 
    +-------------------------+----------+----+---+----+------------+------------+
    |      Variable Name      | Operation| DSP| FF| LUT| Bitwidth P0| Bitwidth P1|
    +-------------------------+----------+----+---+----+------------+------------+
    |cpu_pc_o                 |         +|   0|  0|  23|          16|          16|
    |and_ln23_1_fu_193_p2     |       and|   0|  0|   2|           1|           1|
    |and_ln23_2_fu_213_p2     |       and|   0|  0|   2|           1|           1|
    |and_ln23_3_fu_239_p2     |       and|   0|  0|   2|           1|           1|
    |and_ln23_fu_173_p2       |       and|   0|  0|   2|           1|           1|
    |icmp_ln23_1_fu_187_p2    |      icmp|   0|  0|  15|           8|           1|
    |icmp_ln23_2_fu_207_p2    |      icmp|   0|  0|  15|           8|           3|
    |icmp_ln23_3_fu_227_p2    |      icmp|   0|  0|  15|           8|           3|
    |icmp_ln23_fu_167_p2      |      icmp|   0|  0|  15|           8|           1|
    |icmp_ln25_fu_123_p2      |      icmp|   0|  0|  71|          64|           1|
    |icmp_ln37_fu_161_p2      |      icmp|   0|  0|  39|          32|           1|
    |incr_1_fu_243_p3         |    select|   0|  0|  16|           1|          16|
    |select_ln23_1_fu_199_p3  |    select|   0|  0|  16|           1|          16|
    |select_ln23_2_fu_219_p3  |    select|   0|  0|  16|           1|          16|
    |select_ln23_fu_179_p3    |    select|   0|  0|  16|           1|          16|
    |select_ln25_fu_129_p3    |    select|   0|  0|  16|           1|          16|
    |select_ln29_fu_137_p3    |    select|   0|  0|  16|           1|           3|
    |select_ln33_fu_153_p3    |    select|   0|  0|  16|           1|          16|
    |select_ln37_fu_233_p3    |    select|   0|  0|  16|           1|          16|
    +-------------------------+----------+----+---+----+------------+------------+
    |Total                    |          |   0|  0| 329|         156|         145|
    +-------------------------+----------+----+---+----+------------+------------+

    * Multiplexer: 
    +-----------+----+-----------+-----+-----------+
    |    Name   | LUT| Input Size| Bits| Total Bits|
    +-----------+----+-----------+-----+-----------+
    |ap_NS_fsm  |  14|          3|    1|          3|
    +-----------+----+-----------+-----+-----------+
    |Total      |  14|          3|    1|          3|
    +-----------+----+-----------+-----+-----------+

    * Register: 
    +-----------------------+----+----+-----+-----------+
    |          Name         | FF | LUT| Bits| Const Bits|
    +-----------------------+----+----+-----+-----------+
    |ap_CS_fsm              |   2|   0|    2|          0|
    |icmp_ln23_3_reg_277    |   1|   0|    1|          0|
    |icmp_ln37_reg_267      |   1|   0|    1|          0|
    |select_ln23_2_reg_272  |  16|   0|   16|          0|
    |trunc_ln19_reg_262     |  16|   0|   16|          0|
    +-----------------------+----+----+-----+-----------+
    |Total                  |  36|   0|   36|          0|
    +-----------------------+----+----+-----+-----------+



================================================================
== Interface
================================================================
* Summary: 
+------------------------+-----+-----+------------+----------------+--------------+
|        RTL Ports       | Dir | Bits|  Protocol  |  Source Object |    C Type    |
+------------------------+-----+-----+------------+----------------+--------------+
|ap_clk                  |   in|    1|  ap_ctrl_hs|      next_instr|  return value|
|ap_rst                  |   in|    1|  ap_ctrl_hs|      next_instr|  return value|
|ap_start                |   in|    1|  ap_ctrl_hs|      next_instr|  return value|
|ap_done                 |  out|    1|  ap_ctrl_hs|      next_instr|  return value|
|ap_idle                 |  out|    1|  ap_ctrl_hs|      next_instr|  return value|
|ap_ready                |  out|    1|  ap_ctrl_hs|      next_instr|  return value|
|cpu_registers_address0  |  out|    5|   ap_memory|   cpu_registers|         array|
|cpu_registers_ce0       |  out|    1|   ap_memory|   cpu_registers|         array|
|cpu_registers_we0       |  out|    1|   ap_memory|   cpu_registers|         array|
|cpu_registers_d0        |  out|   64|   ap_memory|   cpu_registers|         array|
|cpu_registers_q0        |   in|   64|   ap_memory|   cpu_registers|         array|
|cpu_registers_address1  |  out|    5|   ap_memory|   cpu_registers|         array|
|cpu_registers_ce1       |  out|    1|   ap_memory|   cpu_registers|         array|
|cpu_registers_we1       |  out|    1|   ap_memory|   cpu_registers|         array|
|cpu_registers_d1        |  out|   64|   ap_memory|   cpu_registers|         array|
|cpu_registers_q1        |   in|   64|   ap_memory|   cpu_registers|         array|
|cpu_memWrite            |   in|    1|     ap_none|    cpu_memWrite|       pointer|
|cpu_regWrite            |   in|    1|     ap_none|    cpu_regWrite|       pointer|
|cpu_branch              |   in|    1|     ap_none|      cpu_branch|       pointer|
|cpu_memToReg            |   in|    1|     ap_none|    cpu_memToReg|       pointer|
|cpu_memRead             |   in|    1|     ap_none|     cpu_memRead|       pointer|
|cpu_ALUSrc              |   in|    1|     ap_none|      cpu_ALUSrc|       pointer|
|cpu_ALUOp_address0      |  out|    1|   ap_memory|       cpu_ALUOp|         array|
|cpu_ALUOp_ce0           |  out|    1|   ap_memory|       cpu_ALUOp|         array|
|cpu_ALUOp_we0           |  out|    1|   ap_memory|       cpu_ALUOp|         array|
|cpu_ALUOp_d0            |  out|    1|   ap_memory|       cpu_ALUOp|         array|
|cpu_ALUOp_q0            |   in|    1|   ap_memory|       cpu_ALUOp|         array|
|cpu_ALUOp_address1      |  out|    1|   ap_memory|       cpu_ALUOp|         array|
|cpu_ALUOp_ce1           |  out|    1|   ap_memory|       cpu_ALUOp|         array|
|cpu_ALUOp_we1           |  out|    1|   ap_memory|       cpu_ALUOp|         array|
|cpu_ALUOp_d1            |  out|    1|   ap_memory|       cpu_ALUOp|         array|
|cpu_ALUOp_q1            |   in|    1|   ap_memory|       cpu_ALUOp|         array|
|cpu_branch_op           |   in|    8|     ap_none|   cpu_branch_op|       pointer|
|cpu_instr               |   in|   32|     ap_none|       cpu_instr|       pointer|
|cpu_immediate           |   in|   64|     ap_none|   cpu_immediate|       pointer|
|cpu_instr_in            |   in|   32|     ap_none|    cpu_instr_in|       pointer|
|cpu_ALU_signal          |   in|    8|     ap_none|  cpu_ALU_signal|       pointer|
|cpu_ALU_result          |   in|   64|     ap_none|  cpu_ALU_result|       pointer|
|cpu_pc_i                |   in|   16|     ap_ovld|          cpu_pc|       pointer|
|cpu_pc_o                |  out|   16|     ap_ovld|          cpu_pc|       pointer|
|cpu_pc_o_ap_vld         |  out|    1|     ap_ovld|          cpu_pc|       pointer|
|sub_res                 |   in|   64|     ap_none|         sub_res|        scalar|
+------------------------+-----+-----+------------+----------------+--------------+

